[2025-09-26, 10:09:58] [信息]线程池创建，工作线程数: 4, 最大线程数: 8
[2025-09-26, 10:09:59] [信息]成功取消任务 cancel-task-1
[2025-09-26, 10:09:59] [信息]成功取消任务 cancel-task-2
[2025-09-26, 10:09:59] [错误]尝试取消不存在的任务 non-existent-task
[2025-09-26, 10:10:00] [错误]任务超时: Task timed out after 500ms
[2025-09-26, 10:10:00] [错误]无法取消正在执行的任务 low-priority
[2025-09-26, 10:18:25] [信息]线程池创建，工作线程数: 4, 最大线程数: 8
[2025-09-26, 10:18:25] [信息]成功取消任务 cancel-task-1
[2025-09-26, 10:18:25] [信息]成功取消任务 cancel-task-2
[2025-09-26, 10:18:25] [错误]尝试取消不存在的任务 non-existent-task
[2025-09-26, 10:18:26] [错误]任务超时: Task timed out after 500ms
[2025-09-26, 10:18:27] [错误]无法取消正在执行的任务 low-priority
[2025-09-26, 10:18:36] [信息]线程池创建，工作线程数: 4, 最大线程数: 8
[2025-09-26, 10:18:36] [信息]成功取消任务 cancel-task-1
[2025-09-26, 10:18:36] [信息]成功取消任务 cancel-task-2
[2025-09-26, 10:18:36] [错误]尝试取消不存在的任务 non-existent-task
[2025-09-26, 10:18:37] [错误]任务超时: Task timed out after 500ms
[2025-09-26, 10:18:38] [错误]无法取消正在执行的任务 low-priority
[2025-09-26, 10:18:38] [信息]设置最大线程数: 20
[2025-09-26, 10:18:38] [信息]调整线程池大小: 4 -> 6 (最大: 20)
[2025-09-26, 10:18:38] [错误]任务异常: std::future_error: Promise already satisfied
[2025-09-26, 10:18:38] [信息]调整线程池大小: 6 -> 8 (最大: 20)
[2025-09-26, 10:18:38] [信息]线程池正在关闭...
[2025-09-26, 10:18:38] [信息]线程池关闭
[2025-09-26, 10:21:19] [信息]线程池创建，工作线程数: 4, 最大线程数: 8
[2025-09-26, 10:21:19] [信息]成功取消任务 cancel-task-1
[2025-09-26, 10:21:19] [信息]成功取消任务 cancel-task-2
[2025-09-26, 10:21:19] [错误]尝试取消不存在的任务 non-existent-task
[2025-09-26, 10:21:20] [错误]任务超时: Task timed out after 500ms
[2025-09-26, 10:21:20] [错误]无法取消正在执行的任务 low-priority
[2025-09-26, 10:22:03] [信息]线程池创建，工作线程数: 4, 最大线程数: 8
[2025-09-26, 10:22:03] [信息]成功取消任务 cancel-task-1
[2025-09-26, 10:22:03] [信息]成功取消任务 cancel-task-2
[2025-09-26, 10:22:03] [错误]尝试取消不存在的任务 non-existent-task
[2025-09-26, 10:22:04] [错误]任务超时: Task timed out after 500ms
[2025-09-26, 10:22:04] [错误]无法取消正在执行的任务 low-priority
[2025-09-26, 10:23:26] [信息]线程池创建，工作线程数: 4, 最大线程数: 8
[2025-09-26, 10:23:26] [信息]成功取消任务 cancel-task-1
[2025-09-26, 10:23:26] [信息]成功取消任务 cancel-task-2
[2025-09-26, 10:23:26] [错误]尝试取消不存在的任务 non-existent-task
[2025-09-26, 10:23:27] [错误]任务超时: Task timed out after 500ms
[2025-09-26, 10:23:28] [错误]无法取消正在执行的任务 low-priority
[2025-09-26, 10:23:35] [信息]线程池创建，工作线程数: 4, 最大线程数: 8
[2025-09-26, 10:23:36] [信息]成功取消任务 cancel-task-1
[2025-09-26, 10:23:36] [信息]成功取消任务 cancel-task-2
[2025-09-26, 10:23:36] [错误]尝试取消不存在的任务 non-existent-task
[2025-09-26, 10:23:37] [错误]任务超时: Task timed out after 500ms
[2025-09-26, 10:23:37] [错误]无法取消正在执行的任务 low-priority
[2025-09-26, 10:26:20] [信息]线程池创建，工作线程数: 4, 最大线程数: 8
[2025-09-26, 10:26:20] [信息]成功取消任务 cancel-task-1
[2025-09-26, 10:26:20] [信息]成功取消任务 cancel-task-2
[2025-09-26, 10:26:20] [错误]尝试取消不存在的任务 non-existent-task
[2025-09-26, 10:26:21] [错误]任务超时: Task timed out after 500ms
[2025-09-26, 10:26:22] [错误]无法取消正在执行的任务 low-priority
[2025-09-26, 11:46:35] [信息]线程池创建，工作线程数: 4, 最大线程数: 8
[2025-09-26, 11:46:35] [信息]成功取消任务 cancel-task-1
[2025-09-26, 11:46:35] [信息]成功取消任务 cancel-task-2
[2025-09-26, 11:46:35] [错误]尝试取消不存在的任务 non-existent-task
[2025-09-26, 11:46:36] [错误]任务超时: Task timed out after 500ms
[2025-09-26, 11:46:37] [错误]无法取消正在执行的任务 low-priority
[2025-09-26, 11:46:37] [信息]设置最大线程数: 20
[2025-09-26, 11:46:37] [信息]调整线程池大小: 4 -> 6 (最大: 20)
[2025-09-26, 11:46:37] [信息]调整线程池大小: 6 -> 8 (最大: 20)
[2025-09-26, 11:46:37] [信息]线程池正在关闭...
[2025-09-26, 11:46:37] [信息]线程池关闭
[2025-09-26, 11:48:47] [信息]线程池创建，工作线程数: 4, 最大线程数: 8
[2025-09-26, 11:48:48] [信息]成功取消任务 cancel-task-1
[2025-09-26, 11:48:48] [信息]成功取消任务 cancel-task-2
[2025-09-26, 11:48:48] [错误]尝试取消不存在的任务 non-existent-task
[2025-09-26, 11:48:49] [错误]任务超时: Task timed out after 500ms
[2025-09-26, 11:48:49] [错误]无法取消正在执行的任务 low-priority
[2025-09-26, 11:48:50] [信息]设置最大线程数: 20
[2025-09-26, 11:48:50] [信息]调整线程池大小: 4 -> 6 (最大: 20)
[2025-09-26, 11:48:50] [信息]调整线程池大小: 6 -> 8 (最大: 20)
[2025-09-26, 11:48:50] [信息]线程池正在关闭...
[2025-09-26, 11:48:50] [信息]线程池关闭
